#
# There is insufficient memory for the Java Runtime Environment to continue.
# Native memory allocation (malloc) failed to allocate 1016640 bytes for Chunk::new
# Possible reasons:
#   The system is out of physical RAM or swap space
#   The process is running with CompressedOops enabled, and the Java Heap may be blocking the growth of the native heap
# Possible solutions:
#   Reduce memory load on the system
#   Increase physical memory or swap space
#   Check if swap backing store is full
#   Decrease Java heap size (-Xmx/-Xms)
#   Decrease number of Java threads
#   Decrease Java thread stack sizes (-Xss)
#   Set larger code cache with -XX:ReservedCodeCacheSize=
#   JVM is running with Unscaled Compressed Oops mode in which the Java heap is
#     placed in the first 4GB address space. The Java Heap base address is the
#     maximum limit for the native heap growth. Please use -XX:HeapBaseMinAddress
#     to set the Java Heap base and to place the Java Heap above 4GB virtual address.
# This output file may be truncated or incomplete.
#
#  Out of Memory Error (allocation.cpp:389), pid=15920, tid=0x0000000000002860
#
# JRE version: OpenJDK Runtime Environment (8.0_212-b04) (build 1.8.0_212-release-1586-b04)
# Java VM: OpenJDK 64-Bit Server VM (25.212-b04 mixed mode windows-amd64 compressed oops)
# Failed to write core dump. Minidumps are not enabled by default on client versions of Windows
#

---------------  T H R E A D  ---------------

Current thread (0x0000000016971800):  JavaThread "C2 CompilerThread0" daemon [_thread_in_native, id=10336, stack(0x0000000017fc0000,0x00000000180c0000)]

Stack: [0x0000000017fc0000,0x00000000180c0000]
[error occurred during error reporting (printing stack bounds), id 0xc0000005]

Native frames: (J=compiled Java code, j=interpreted, Vv=VM code, C=native code)


Current CompileTask:
C2: 155223 26761       4       com.android.tools.r8.ir.optimize.CodeRewriter::j (671 bytes)


---------------  P R O C E S S  ---------------

Java Threads: ( => current thread )
  0x000000001e41c800 JavaThread "WorkerExecutor Queue Thread 5" [_thread_blocked, id=6868, stack(0x0000000002e00000,0x0000000002f00000)]
  0x000000001e41a800 JavaThread "ForkJoinPool.commonPool-worker-3" daemon [_thread_blocked, id=5328, stack(0x0000000030950000,0x0000000030a50000)]
  0x000000001e370000 JavaThread "RMI TCP Connection(idle)" daemon [_thread_blocked, id=5808, stack(0x000000002a8b0000,0x000000002a9b0000)]
  0x000000001e37a000 JavaThread "RMI TCP Connection(idle)" daemon [_thread_blocked, id=14488, stack(0x000000002a7b0000,0x000000002a8b0000)]
  0x000000001e379000 JavaThread "RMI Reaper" [_thread_blocked, id=9900, stack(0x000000002a6b0000,0x000000002a7b0000)]
  0x000000001e378000 JavaThread "RMI TCP Accept-0" daemon [_thread_in_native, id=13572, stack(0x000000002a5b0000,0x000000002a6b0000)]
  0x000000001e37a800 JavaThread "GC Daemon" daemon [_thread_blocked, id=14112, stack(0x000000002a4b0000,0x000000002a5b0000)]
  0x000000001e373000 JavaThread "RMI Scheduler(0)" daemon [_thread_blocked, id=16964, stack(0x00000000012f0000,0x00000000013f0000)]
  0x000000001e36d000 JavaThread "Cache worker for Java compile cache (C:\Users\Anush\girlscript_app\community_app_boilerplate\android\.gradle\5.6.2\javaCompile)" [_thread_blocked, id=9860, stack(0x00000000298d0000,0x00000000299d0000)]
  0x000000001e372000 JavaThread "Cache worker for Java compile cache (C:\Users\Anush\.gradle\caches\5.6.2\javaCompile)" [_thread_blocked, id=13192, stack(0x00000000297d0000,0x00000000298d0000)]
  0x000000001e373800 JavaThread "stdout" [_thread_in_native, id=14420, stack(0x0000000028eb0000,0x0000000028fb0000)]
  0x000000001e36e800 JavaThread "stderr" [_thread_in_native, id=13424, stack(0x00000000288e0000,0x00000000289e0000)]
  0x000000001e36d800 JavaThread "stdout" [_thread_in_native, id=4736, stack(0x00000000294d0000,0x00000000295d0000)]
  0x0000000020185000 JavaThread "stderr" [_thread_in_native, id=6360, stack(0x00000000293d0000,0x00000000294d0000)]
  0x000000002018b800 JavaThread "stdout" [_thread_in_native, id=16000, stack(0x00000000292d0000,0x00000000293d0000)]
  0x0000000020184800 JavaThread "stderr" [_thread_in_native, id=9424, stack(0x00000000291d0000,0x00000000292d0000)]
  0x0000000020186800 JavaThread "stdout" [_thread_in_native, id=13476, stack(0x00000000290d0000,0x00000000291d0000)]
  0x000000002018a800 JavaThread "stderr" [_thread_in_native, id=14636, stack(0x0000000028fd0000,0x00000000290d0000)]
  0x0000000020183000 JavaThread "pool-2-thread-1" [_thread_blocked, id=2340, stack(0x0000000026380000,0x0000000026480000)]
  0x0000000020188000 JavaThread "WorkerExecutor Queue Thread 3" [_thread_blocked, id=17624, stack(0x0000000028cb0000,0x0000000028db0000)]
  0x0000000020187800 JavaThread "WorkerExecutor Queue Thread 2" [_thread_blocked, id=6708, stack(0x0000000028bb0000,0x0000000028cb0000)]
  0x000000002018a000 JavaThread "WorkerExecutor Queue" [_thread_blocked, id=2488, stack(0x0000000028ab0000,0x0000000028bb0000)]
  0x000000002017f000 JavaThread "Cache worker for execution history cache (C:\Users\Anush\girlscript_app\community_app_boilerplate\android\.gradle\5.6.2\executionHistory)" [_thread_blocked, id=11212, stack(0x00000000274b0000,0x00000000275b0000)]
  0x000000002017d000 JavaThread "Execution worker for ':' Thread 3" [_thread_blocked, id=7696, stack(0x0000000025c80000,0x0000000025d80000)]
  0x0000000019d6c000 JavaThread "Execution worker for ':' Thread 2" [_thread_in_Java, id=3088, stack(0x0000000025b80000,0x0000000025c80000)]
  0x0000000019a94000 JavaThread "Execution worker for ':'" [_thread_blocked, id=1028, stack(0x0000000025a80000,0x0000000025b80000)]
  0x0000000019d70000 JavaThread "Cache worker for file content cache (C:\Users\Anush\girlscript_app\community_app_boilerplate\android\.gradle\5.6.2\fileContent)" [_thread_blocked, id=16376, stack(0x0000000023eb0000,0x0000000023fb0000)]
  0x0000000019d71800 JavaThread "Cache worker for file content cache (C:\Users\Anush\.gradle\caches\5.6.2\fileContent)" [_thread_blocked, id=8088, stack(0x00000000235a0000,0x00000000236a0000)]
  0x0000000019d6f000 JavaThread "Memory manager" [_thread_blocked, id=14764, stack(0x00000000234a0000,0x00000000235a0000)]
  0x0000000019d6b800 JavaThread "Cache worker for Build Output Cleanup Cache (C:\Users\Anush\girlscript_app\community_app_boilerplate\android\.gradle\buildOutputCleanup)" [_thread_blocked, id=4660, stack(0x00000000229a0000,0x0000000022aa0000)]
  0x0000000019d63800 JavaThread "pool-1-thread-1" [_thread_blocked, id=7512, stack(0x00000000226a0000,0x00000000227a0000)]
  0x0000000019d6a800 JavaThread "Build operations Thread 4" [_thread_blocked, id=4336, stack(0x00000000221a0000,0x00000000222a0000)]
  0x0000000019d63000 JavaThread "Build operations Thread 3" [_thread_blocked, id=17236, stack(0x0000000020df0000,0x0000000020ef0000)]
  0x0000000019d6a000 JavaThread "Build operations Thread 2" [_thread_blocked, id=11560, stack(0x0000000020740000,0x0000000020840000)]
  0x0000000019d66000 JavaThread "Build operations" [_thread_blocked, id=2256, stack(0x00000000203e0000,0x00000000204e0000)]
  0x0000000019d69000 JavaThread "Cache worker for execution history cache (C:\Users\Anush\.gradle\caches\5.6.2\executionHistory)" [_thread_blocked, id=16524, stack(0x0000000020ad0000,0x0000000020bd0000)]
  0x0000000019d68000 JavaThread "Cache worker for cache directory md-rule (C:\Users\Anush\.gradle\caches\5.6.2\md-rule)" [_thread_blocked, id=7488, stack(0x0000000020640000,0x0000000020740000)]
  0x0000000019d66800 JavaThread "Cache worker for cache directory md-supplier (C:\Users\Anush\.gradle\caches\5.6.2\md-supplier)" [_thread_blocked, id=16868, stack(0x0000000020540000,0x0000000020640000)]
  0x0000000019a92800 JavaThread "Cache worker for file hash cache (C:\Users\Anush\girlscript_app\community_app_boilerplate\android\.gradle\5.6.2\fileHashes)" [_thread_blocked, id=16312, stack(0x000000001db30000,0x000000001dc30000)]
  0x0000000019a91800 JavaThread "Cache worker for journal cache (C:\Users\Anush\.gradle\caches\journal-1)" [_thread_blocked, id=7116, stack(0x000000001c4e0000,0x000000001c5e0000)]
  0x0000000019a90000 JavaThread "File lock request listener" [_thread_in_native, id=15908, stack(0x000000001c3e0000,0x000000001c4e0000)]
  0x0000000019a91000 JavaThread "Cache worker for file hash cache (C:\Users\Anush\.gradle\caches\5.6.2\fileHashes)" [_thread_blocked, id=6568, stack(0x000000001c2e0000,0x000000001c3e0000)]
  0x0000000018f77800 JavaThread "Thread-9" [_thread_blocked, id=12508, stack(0x000000001c1e0000,0x000000001c2e0000)]
  0x0000000018eb9000 JavaThread "Stdin handler" [_thread_blocked, id=8612, stack(0x000000001c0e0000,0x000000001c1e0000)]
  0x0000000018f6d800 JavaThread "Asynchronous log dispatcher for DefaultDaemonConnection: socket connection from /127.0.0.1:64623 to /127.0.0.1:64624" [_thread_blocked, id=10776, stack(0x000000001bfe0000,0x000000001c0e0000)]
  0x0000000018f6c800 JavaThread "Daemon worker" [_thread_in_Java, id=14064, stack(0x000000001bee0000,0x000000001bfe0000)]
  0x0000000018f6b800 JavaThread "Cancel handler" [_thread_blocked, id=6280, stack(0x000000001bde0000,0x000000001bee0000)]
  0x0000000018f6b000 JavaThread "Handler for socket connection from /127.0.0.1:64623 to /127.0.0.1:64624" [_thread_in_native, id=8752, stack(0x000000001bae0000,0x000000001bbe0000)]
  0x000000001954f000 JavaThread "Daemon" [_thread_blocked, id=6056, stack(0x000000001b9e0000,0x000000001bae0000)]
  0x000000001a274800 JavaThread "Daemon periodic checks" [_thread_blocked, id=2988, stack(0x000000001b8e0000,0x000000001b9e0000)]
  0x000000001a272800 JavaThread "Incoming local TCP Connector on port 64623" [_thread_in_native, id=17924, stack(0x000000001b6a0000,0x000000001b7a0000)]
  0x000000001a1ee800 JavaThread "Daemon health stats" [_thread_blocked, id=6052, stack(0x000000001b060000,0x000000001b160000)]
  0x00000000181c8800 JavaThread "Service Thread" daemon [_thread_blocked, id=17608, stack(0x00000000186c0000,0x00000000187c0000)]
  0x00000000181c5800 JavaThread "C1 CompilerThread2" daemon [_thread_blocked, id=14624, stack(0x00000000185c0000,0x00000000186c0000)]
  0x00000000169ca800 JavaThread "C2 CompilerThread1" daemon [_thread_in_native, id=10268, stack(0x00000000180c0000,0x00000000181c0000)]
=>0x0000000016971800 JavaThread "C2 CompilerThread0" daemon [_thread_in_native, id=10336, stack(0x0000000017fc0000,0x00000000180c0000)]
  0x000000001696f000 JavaThread "Attach Listener" daemon [_thread_blocked, id=9368, stack(0x0000000017ec0000,0x0000000017fc0000)]
  0x000000001696d800 JavaThread "Signal Dispatcher" daemon [_thread_blocked, id=940, stack(0x0000000017dc0000,0x0000000017ec0000)]
  0x0000000002ffc000 JavaThread "Finalizer" daemon [_thread_blocked, id=10460, stack(0x0000000017bc0000,0x0000000017cc0000)]
  0x0000000016959000 JavaThread "Reference Handler" daemon [_thread_blocked, id=7476, stack(0x0000000017ac0000,0x0000000017bc0000)]
  0x0000000002dfe800 JavaThread "main" [_thread_blocked, id=5148, stack(0x0000000002c20000,0x0000000002d20000)]

Other Threads:
  0x0000000016937800 VMThread [stack: 0x00000000179c0000,0x0000000017ac0000] [id=2532]
  0x00000000181c9800 WatcherThread [stack: 0x00000000187c0000,0x00000000188c0000] [id=13676]

VM state:not at safepoint (normal execution)

VM Mutex/Monitor currently owned by a thread: None

heap address: 0x00000000a0000000, size: 1536 MB, Compressed Oops mode: 32-bit
Narrow klass base: 0x0000000000000000, Narrow klass shift: 3
Compressed class space size: 1073741824 Address: 0x0000000100000000

Heap:
 PSYoungGen      total 489472K, used 334112K [0x00000000e0000000, 0x00000000ffb80000, 0x0000000100000000)
  eden space 457728K, 70% used [0x00000000e0000000,0x00000000f38f3f10,0x00000000fbf00000)
  from space 31744K, 42% used [0x00000000fdc80000,0x00000000fe9d44c0,0x00000000ffb80000)
  to   space 30208K, 0% used [0x00000000fbf00000,0x00000000fbf00000,0x00000000fdc80000)
 ParOldGen       total 391168K, used 319740K [0x00000000a0000000, 0x00000000b7e00000, 0x00000000e0000000)
  object space 391168K, 81% used [0x00000000a0000000,0x00000000b383f2b0,0x00000000b7e00000)
 Metaspace       used 102154K, capacity 108480K, committed 108760K, reserved 1142784K
  class space    used 13377K, capacity 14802K, committed 14848K, reserved 1048576K

Card table byte_map: [0x00000000123c0000,0x00000000126d0000] byte_map_base: 0x0000000011ec0000

Marking Bits: (ParMarkBitMap*) 0x00000000585c9f30
 Begin Bits: [0x0000000012cd0000, 0x00000000144d0000)
 End Bits:   [0x00000000144d0000, 0x0000000015cd0000)

Polling page: 0x0000000001420000

CodeCache: size=245760Kb used=73035Kb max_used=74463Kb free=172724Kb
 bounds [0x0000000003000000, 0x0000000007930000, 0x0000000012000000]
 total_blobs=21814 nmethods=20882 adapters=843
 compilation: enabled

Compilation events (10 events):
Event: 155.168 Thread 0x00000000181c5800 27011       2       org.gradle.internal.work.DefaultWorkerLeaseService::containsProjectLocks (13 bytes)
Event: 155.169 Thread 0x00000000181c5800 nmethod 27011 0x0000000003402650 code [0x00000000034027c0, 0x00000000034029d8]
Event: 155.190 Thread 0x00000000181c5800 27012       2       org.gradle.api.tasks.util.internal.PatternSpecFactory::createExcludeSpec (95 bytes)
Event: 155.192 Thread 0x00000000181c5800 nmethod 27012 0x0000000003400f50 code [0x00000000034011c0, 0x0000000003401ca8]
Event: 155.192 Thread 0x00000000181c5800 27013  s    2       org.gradle.api.tasks.util.internal.PatternSpecFactory::getDefaultExcludeSpec (60 bytes)
Event: 155.193 Thread 0x00000000181c5800 nmethod 27013 0x0000000003400510 code [0x00000000034006c0, 0x0000000003400c58]
Event: 155.196 Thread 0x00000000181c5800 27015       2       com.android.build.gradle.tasks.ExtractAnnotations$$Lambda$996/774612185::test (8 bytes)
Event: 155.197 Thread 0x00000000181c5800 nmethod 27015 0x0000000003400150 code [0x00000000034002c0, 0x0000000003400468]
Event: 155.197 Thread 0x00000000181c5800 27016       2       com.android.build.gradle.tasks.ExtractAnnotations::lambda$containsTypeDefs$0 (93 bytes)
Event: 155.198 Thread 0x00000000181c5800 nmethod 27016 0x00000000033ff190 code [0x00000000033ff380, 0x00000000033ff8a8]

GC Heap History (10 events):
Event: 146.747 GC heap before
{Heap before GC invocations=62 (full 6):
 PSYoungGen      total 453120K, used 453089K [0x00000000e0000000, 0x0000000100000000, 0x0000000100000000)
  eden space 452608K, 100% used [0x00000000e0000000,0x00000000fba00000,0x00000000fba00000)
  from space 512K, 94% used [0x00000000fba00000,0x00000000fba786a0,0x00000000fba80000)
  to   space 36352K, 0% used [0x00000000fdc80000,0x00000000fdc80000,0x0000000100000000)
 ParOldGen       total 391168K, used 283098K [0x00000000a0000000, 0x00000000b7e00000, 0x00000000e0000000)
  object space 391168K, 72% used [0x00000000a0000000,0x00000000b1476b40,0x00000000b7e00000)
 Metaspace       used 100625K, capacity 106672K, committed 106968K, reserved 1142784K
  class space    used 13177K, capacity 14526K, committed 14592K, reserved 1048576K
Event: 146.783 GC heap after
Heap after GC invocations=62 (full 6):
 PSYoungGen      total 486912K, used 20811K [0x00000000e0000000, 0x0000000100000000, 0x0000000100000000)
  eden space 450560K, 0% used [0x00000000e0000000,0x00000000e0000000,0x00000000fb800000)
  from space 36352K, 57% used [0x00000000fdc80000,0x00000000ff0d2fd0,0x0000000100000000)
  to   space 36864K, 0% used [0x00000000fb800000,0x00000000fb800000,0x00000000fdc00000)
 ParOldGen       total 391168K, used 283468K [0x00000000a0000000, 0x00000000b7e00000, 0x00000000e0000000)
  object space 391168K, 72% used [0x00000000a0000000,0x00000000b14d3160,0x00000000b7e00000)
 Metaspace       used 100625K, capacity 106672K, committed 106968K, reserved 1142784K
  class space    used 13177K, capacity 14526K, committed 14592K, reserved 1048576K
}
Event: 148.287 GC heap before
{Heap before GC invocations=63 (full 6):
 PSYoungGen      total 486912K, used 471371K [0x00000000e0000000, 0x0000000100000000, 0x0000000100000000)
  eden space 450560K, 100% used [0x00000000e0000000,0x00000000fb800000,0x00000000fb800000)
  from space 36352K, 57% used [0x00000000fdc80000,0x00000000ff0d2fd0,0x0000000100000000)
  to   space 36864K, 0% used [0x00000000fb800000,0x00000000fb800000,0x00000000fdc00000)
 ParOldGen       total 391168K, used 283468K [0x00000000a0000000, 0x00000000b7e00000, 0x00000000e0000000)
  object space 391168K, 72% used [0x00000000a0000000,0x00000000b14d3160,0x00000000b7e00000)
 Metaspace       used 100939K, capacity 107002K, committed 107352K, reserved 1142784K
  class space    used 13226K, capacity 14583K, committed 14720K, reserved 1048576K
Event: 148.348 GC heap after
Heap after GC invocations=63 (full 6):
 PSYoungGen      total 463872K, used 12897K [0x00000000e0000000, 0x00000000ffc80000, 0x0000000100000000)
  eden space 450560K, 0% used [0x00000000e0000000,0x00000000e0000000,0x00000000fb800000)
  from space 13312K, 96% used [0x00000000fb800000,0x00000000fc498798,0x00000000fc500000)
  to   space 34816K, 0% used [0x00000000fda80000,0x00000000fda80000,0x00000000ffc80000)
 ParOldGen       total 391168K, used 298038K [0x00000000a0000000, 0x00000000b7e00000, 0x00000000e0000000)
  object space 391168K, 76% used [0x00000000a0000000,0x00000000b230d808,0x00000000b7e00000)
 Metaspace       used 100939K, capacity 107002K, committed 107352K, reserved 1142784K
  class space    used 13226K, capacity 14583K, committed 14720K, reserved 1048576K
}
Event: 149.695 GC heap before
{Heap before GC invocations=64 (full 6):
 PSYoungGen      total 463872K, used 463457K [0x00000000e0000000, 0x00000000ffc80000, 0x0000000100000000)
  eden space 450560K, 100% used [0x00000000e0000000,0x00000000fb800000,0x00000000fb800000)
  from space 13312K, 96% used [0x00000000fb800000,0x00000000fc498798,0x00000000fc500000)
  to   space 34816K, 0% used [0x00000000fda80000,0x00000000fda80000,0x00000000ffc80000)
 ParOldGen       total 391168K, used 298038K [0x00000000a0000000, 0x00000000b7e00000, 0x00000000e0000000)
  object space 391168K, 76% used [0x00000000a0000000,0x00000000b230d808,0x00000000b7e00000)
 Metaspace       used 101039K, capacity 107176K, committed 107352K, reserved 1142784K
  class space    used 13243K, capacity 14604K, committed 14720K, reserved 1048576K
Event: 149.733 GC heap after
Heap after GC invocations=64 (full 6):
 PSYoungGen      total 487424K, used 15733K [0x00000000e0000000, 0x0000000100000000, 0x0000000100000000)
  eden space 452608K, 0% used [0x00000000e0000000,0x00000000e0000000,0x00000000fba00000)
  from space 34816K, 45% used [0x00000000fda80000,0x00000000fe9dd698,0x00000000ffc80000)
  to   space 33280K, 0% used [0x00000000fba00000,0x00000000fba00000,0x00000000fda80000)
 ParOldGen       total 391168K, used 306674K [0x00000000a0000000, 0x00000000b7e00000, 0x00000000e0000000)
  object space 391168K, 78% used [0x00000000a0000000,0x00000000b2b7c8b8,0x00000000b7e00000)
 Metaspace       used 101039K, capacity 107176K, committed 107352K, reserved 1142784K
  class space    used 13243K, capacity 14604K, committed 14720K, reserved 1048576K
}
Event: 150.999 GC heap before
{Heap before GC invocations=65 (full 6):
 PSYoungGen      total 487424K, used 468341K [0x00000000e0000000, 0x0000000100000000, 0x0000000100000000)
  eden space 452608K, 100% used [0x00000000e0000000,0x00000000fba00000,0x00000000fba00000)
  from space 34816K, 45% used [0x00000000fda80000,0x00000000fe9dd698,0x00000000ffc80000)
  to   space 33280K, 0% used [0x00000000fba00000,0x00000000fba00000,0x00000000fda80000)
 ParOldGen       total 391168K, used 306674K [0x00000000a0000000, 0x00000000b7e00000, 0x00000000e0000000)
  object space 391168K, 78% used [0x00000000a0000000,0x00000000b2b7c8b8,0x00000000b7e00000)
 Metaspace       used 101081K, capacity 107254K, committed 107608K, reserved 1142784K
  class space    used 13244K, capacity 14605K, committed 14720K, reserved 1048576K
Event: 151.053 GC heap after
Heap after GC invocations=65 (full 6):
 PSYoungGen      total 485888K, used 13792K [0x00000000e0000000, 0x00000000ffb80000, 0x0000000100000000)
  eden space 452608K, 0% used [0x00000000e0000000,0x00000000e0000000,0x00000000fba00000)
  from space 33280K, 41% used [0x00000000fba00000,0x00000000fc7783f8,0x00000000fda80000)
  to   space 31744K, 0% used [0x00000000fdc80000,0x00000000fdc80000,0x00000000ffb80000)
 ParOldGen       total 391168K, used 315655K [0x00000000a0000000, 0x00000000b7e00000, 0x00000000e0000000)
  object space 391168K, 80% used [0x00000000a0000000,0x00000000b3441d98,0x00000000b7e00000)
 Metaspace       used 101081K, capacity 107254K, committed 107608K, reserved 1142784K
  class space    used 13244K, capacity 14605K, committed 14720K, reserved 1048576K
}
Event: 152.911 GC heap before
{Heap before GC invocations=66 (full 6):
 PSYoungGen      total 485888K, used 466341K [0x00000000e0000000, 0x00000000ffb80000, 0x0000000100000000)
  eden space 452608K, 99% used [0x00000000e0000000,0x00000000fb9f13d8,0x00000000fba00000)
  from space 33280K, 41% used [0x00000000fba00000,0x00000000fc7783f8,0x00000000fda80000)
  to   space 31744K, 0% used [0x00000000fdc80000,0x00000000fdc80000,0x00000000ffb80000)
 ParOldGen       total 391168K, used 315655K [0x00000000a0000000, 0x00000000b7e00000, 0x00000000e0000000)
  object space 391168K, 80% used [0x00000000a0000000,0x00000000b3441d98,0x00000000b7e00000)
 Metaspace       used 101436K, capacity 107648K, committed 107864K, reserved 1142784K
  class space    used 13293K, capacity 14702K, committed 14720K, reserved 1048576K
Event: 152.944 GC heap after
Heap after GC invocations=66 (full 6):
 PSYoungGen      total 489472K, used 13649K [0x00000000e0000000, 0x00000000ffb80000, 0x0000000100000000)
  eden space 457728K, 0% used [0x00000000e0000000,0x00000000e0000000,0x00000000fbf00000)
  from space 31744K, 42% used [0x00000000fdc80000,0x00000000fe9d44c0,0x00000000ffb80000)
  to   space 30208K, 0% used [0x00000000fbf00000,0x00000000fbf00000,0x00000000fdc80000)
 ParOldGen       total 391168K, used 319740K [0x00000000a0000000, 0x00000000b7e00000, 0x00000000e0000000)
  object space 391168K, 81% used [0x00000000a0000000,0x00000000b383f2b0,0x00000000b7e00000)
 Metaspace       used 101436K, capacity 107648K, committed 107864K, reserved 1142784K
  class space    used 13293K, capacity 14702K, committed 14720K, reserved 1048576K
}

Deoptimization events (10 events):
Event: 153.350 Thread 0x0000000020187800 Uncommon trap: reason=class_check action=maybe_recompile pc=0x00000000044ff3ec method=kotlin.io.ByteStreamsKt.copyTo(Ljava/io/InputStream;Ljava/io/OutputStream;I)J @ 22
Event: 153.363 Thread 0x0000000020187800 Uncommon trap: reason=class_check action=maybe_recompile pc=0x00000000044ff3ec method=kotlin.io.ByteStreamsKt.copyTo(Ljava/io/InputStream;Ljava/io/OutputStream;I)J @ 22
Event: 153.373 Thread 0x0000000019a94000 Uncommon trap: reason=unstable_if action=reinterpret pc=0x000000000667bcc8 method=java.util.Formatter$FormatSpecifier.checkNumeric()V @ 5
Event: 153.373 Thread 0x0000000019a94000 Uncommon trap: reason=class_check action=maybe_recompile pc=0x000000000682c1a8 method=java.util.Formatter$FormatSpecifier.printInteger(Ljava/lang/Object;Ljava/util/Locale;)V @ 58
Event: 153.500 Thread 0x0000000019a94000 Uncommon trap: reason=unstable_if action=reinterpret pc=0x0000000005cb1ff4 method=com.google.common.collect.CompactHashMap.moveLastEntry(I)V @ 96
Event: 153.512 Thread 0x0000000019a94000 Uncommon trap: reason=unstable_if action=reinterpret pc=0x00000000044382e4 method=com.google.common.collect.CompactHashMap.moveLastEntry(I)V @ 96
Event: 153.518 Thread 0x0000000019a94000 Uncommon trap: reason=unstable_if action=reinterpret pc=0x0000000004b6f6f4 method=com.google.common.collect.CompactHashMap.moveLastEntry(I)V @ 96
Event: 153.600 Thread 0x000000001e41c800 Uncommon trap: reason=unstable_if action=reinterpret pc=0x0000000006d1c458 method=com.android.tools.r8.n.a.a.a.g.f0.get(I)Ljava/lang/Object; @ 49
Event: 153.714 Thread 0x000000001e41e000 Uncommon trap: reason=unstable_if action=reinterpret pc=0x00000000039a036c method=java.util.Arrays.hashCode([Ljava/lang/Object;)I @ 1
Event: 154.462 Thread 0x0000000019d6c000 Uncommon trap: reason=class_check action=maybe_recompile pc=0x0000000006fd6148 method=com.android.tools.r8.ir.optimize.CodeRewriter.e(Lcom/android/tools/r8/ir/code/IRCode;)V @ 405

Classes redefined (0 events):
No events

Internal exceptions (10 events):
Event: 153.008 Thread 0x0000000020188000 Exception <a 'sun/nio/fs/WindowsException'> (0x00000000e12d7088) thrown at [D:\src\AOSP-openjdk-cygwin\jdk8u\hotspot\src\share\vm\prims\jni.cpp, line 710]
Event: 153.010 Thread 0x0000000020188000 Exception <a 'sun/nio/fs/WindowsException'> (0x00000000e141f410) thrown at [D:\src\AOSP-openjdk-cygwin\jdk8u\hotspot\src\share\vm\prims\jni.cpp, line 710]
Event: 153.011 Thread 0x0000000020188000 Exception <a 'sun/nio/fs/WindowsException'> (0x00000000e1426818) thrown at [D:\src\AOSP-openjdk-cygwin\jdk8u\hotspot\src\share\vm\prims\jni.cpp, line 710]
Event: 153.012 Thread 0x0000000020188000 Exception <a 'sun/nio/fs/WindowsException'> (0x00000000e142cd50) thrown at [D:\src\AOSP-openjdk-cygwin\jdk8u\hotspot\src\share\vm\prims\jni.cpp, line 710]
Event: 153.015 Thread 0x0000000020188000 Exception <a 'sun/nio/fs/WindowsException'> (0x00000000e14389f0) thrown at [D:\src\AOSP-openjdk-cygwin\jdk8u\hotspot\src\share\vm\prims\jni.cpp, line 710]
Event: 153.241 Thread 0x000000002017d000 Exception <a 'java/lang/NoSuchMethodError': <clinit>> (0x00000000e3047868) thrown at [D:\src\AOSP-openjdk-cygwin\jdk8u\hotspot\src\share\vm\prims\jni.cpp, line 1614]
Event: 153.578 Thread 0x000000001e41c800 Exception <a 'sun/nio/fs/WindowsException'> (0x00000000e54bd948) thrown at [D:\src\AOSP-openjdk-cygwin\jdk8u\hotspot\src\share\vm\prims\jni.cpp, line 710]
Event: 153.714 Thread 0x000000001e41e000 Implicit null exception at 0x00000000039a026f to 0x00000000039a035d
Event: 153.863 Thread 0x000000001e41d800 Exception <a 'sun/nio/fs/WindowsException'> (0x00000000e8f3f738) thrown at [D:\src\AOSP-openjdk-cygwin\jdk8u\hotspot\src\share\vm\prims\jni.cpp, line 710]
Event: 155.205 Thread 0x0000000018f6c800 Exception <a 'sun/nio/fs/WindowsException'> (0x00000000f2159540) thrown at [D:\src\AOSP-openjdk-cygwin\jdk8u\hotspot\src\share\vm\prims\jni.cpp, line 710]

Events (10 events):
Event: 155.191 loading class com/google/common/io/CharSource$ConcatenatedCharSource
Event: 155.191 loading class com/google/common/io/CharSource$ConcatenatedCharSource done
Event: 155.192 loading class com/google/common/io/CharSource$StringCharSource
Event: 155.192 loading class com/google/common/io/CharSource$StringCharSource done
Event: 155.193 loading class com/google/common/io/CharSource$CharSequenceCharSource
Event: 155.193 loading class com/google/common/io/CharSource$CharSequenceCharSource done
Event: 155.193 loading class com/google/common/io/CharSource$EmptyCharSource
Event: 155.193 loading class com/google/common/io/CharSource$EmptyCharSource done
Event: 155.194 loading class com/google/common/io/CharSource$AsByteSource
Event: 155.194 loading class com/google/common/io/CharSource$AsByteSource done


Dynamic libraries:
0x00007ff7afc20000 - 0x00007ff7afc51000 	C:\Program Files\Android\Android Studio\jre\bin\java.exe
0x00007ff8d7f20000 - 0x00007ff8d8110000 	C:\WINDOWS\SYSTEM32\ntdll.dll
0x00007ff8d6990000 - 0x00007ff8d6a42000 	C:\WINDOWS\System32\KERNEL32.DLL
0x00007ff8d5cd0000 - 0x00007ff8d5f74000 	C:\WINDOWS\System32\KERNELBASE.dll
0x00007ff8d7c20000 - 0x00007ff8d7cc3000 	C:\WINDOWS\System32\ADVAPI32.dll
0x00007ff8d6ec0000 - 0x00007ff8d6f5e000 	C:\WINDOWS\System32\msvcrt.dll
0x00007ff8d7a20000 - 0x00007ff8d7ab7000 	C:\WINDOWS\System32\sechost.dll
0x00007ff8d76b0000 - 0x00007ff8d77d0000 	C:\WINDOWS\System32\RPCRT4.dll
0x00007ff8d7d40000 - 0x00007ff8d7ed4000 	C:\WINDOWS\System32\USER32.dll
0x00007ff8d5150000 - 0x00007ff8d5171000 	C:\WINDOWS\System32\win32u.dll
0x00007ff8d7010000 - 0x00007ff8d7036000 	C:\WINDOWS\System32\GDI32.dll
0x00007ff8d4fb0000 - 0x00007ff8d5145000 	C:\WINDOWS\System32\gdi32full.dll
0x00007ff8d5180000 - 0x00007ff8d521e000 	C:\WINDOWS\System32\msvcp_win.dll
0x00007ff8d4eb0000 - 0x00007ff8d4faa000 	C:\WINDOWS\System32\ucrtbase.dll
0x00007ff8c0940000 - 0x00007ff8c0bc4000 	C:\WINDOWS\WinSxS\amd64_microsoft.windows.common-controls_6595b64144ccf1df_6.0.18362.900_none_e6beb9d913147d17\COMCTL32.dll
0x00007ff8d6b20000 - 0x00007ff8d6e55000 	C:\WINDOWS\System32\combase.dll
0x00007ff8d53d0000 - 0x00007ff8d5450000 	C:\WINDOWS\System32\bcryptPrimitives.dll
0x00007ff8d7210000 - 0x00007ff8d723e000 	C:\WINDOWS\System32\IMM32.DLL
0x0000000058650000 - 0x0000000058722000 	C:\Program Files\Android\Android Studio\jre\jre\bin\msvcr100.dll
0x0000000057e00000 - 0x0000000058646000 	C:\Program Files\Android\Android Studio\jre\jre\bin\server\jvm.dll
0x00007ff8d7c10000 - 0x00007ff8d7c18000 	C:\WINDOWS\System32\PSAPI.DLL
0x00007ff8b3d60000 - 0x00007ff8b3d69000 	C:\WINDOWS\SYSTEM32\WSOCK32.dll
0x00007ff8d71a0000 - 0x00007ff8d720f000 	C:\WINDOWS\System32\WS2_32.dll
0x00007ff8cdb60000 - 0x00007ff8cdb84000 	C:\WINDOWS\SYSTEM32\WINMM.dll
0x00007ff8ce3d0000 - 0x00007ff8ce3da000 	C:\WINDOWS\SYSTEM32\VERSION.dll
0x00007ff8cdb30000 - 0x00007ff8cdb5d000 	C:\WINDOWS\SYSTEM32\WINMMBASE.dll
0x00007ff8d5f80000 - 0x00007ff8d5fca000 	C:\WINDOWS\System32\cfgmgr32.dll
0x00007ff8b3cd0000 - 0x00007ff8b3cdf000 	C:\Program Files\Android\Android Studio\jre\jre\bin\verify.dll
0x00007ff8a2450000 - 0x00007ff8a2479000 	C:\Program Files\Android\Android Studio\jre\jre\bin\java.dll
0x00007ff8ae320000 - 0x00007ff8ae336000 	C:\Program Files\Android\Android Studio\jre\jre\bin\zip.dll
0x00007ff8d60e0000 - 0x00007ff8d67c6000 	C:\WINDOWS\System32\SHELL32.dll
0x00007ff8d5fd0000 - 0x00007ff8d6079000 	C:\WINDOWS\System32\shcore.dll
0x00007ff8d5520000 - 0x00007ff8d5ca0000 	C:\WINDOWS\System32\windows.storage.dll
0x00007ff8d4e60000 - 0x00007ff8d4e83000 	C:\WINDOWS\System32\profapi.dll
0x00007ff8d4e10000 - 0x00007ff8d4e5a000 	C:\WINDOWS\System32\powrprof.dll
0x00007ff8d4de0000 - 0x00007ff8d4df0000 	C:\WINDOWS\System32\UMPDC.dll
0x00007ff8d6e60000 - 0x00007ff8d6eb2000 	C:\WINDOWS\System32\shlwapi.dll
0x00007ff8d4df0000 - 0x00007ff8d4e01000 	C:\WINDOWS\System32\kernel.appcore.dll
0x00007ff8d5500000 - 0x00007ff8d5517000 	C:\WINDOWS\System32\cryptsp.dll
0x00007ff8cf470000 - 0x00007ff8cf48a000 	C:\Program Files\Android\Android Studio\jre\jre\bin\net.dll
0x00007ff8c7d60000 - 0x00007ff8c7f36000 	C:\WINDOWS\SYSTEM32\urlmon.dll
0x00007ff8c74a0000 - 0x00007ff8c7746000 	C:\WINDOWS\SYSTEM32\iertutil.dll
0x00007ff8d4800000 - 0x00007ff8d480c000 	C:\WINDOWS\SYSTEM32\CRYPTBASE.DLL
0x00007ff8d4620000 - 0x00007ff8d4687000 	C:\WINDOWS\system32\mswsock.dll
0x00007ff8cf410000 - 0x00007ff8cf423000 	C:\Program Files\Android\Android Studio\jre\jre\bin\nio.dll
0x00007ff8a0f70000 - 0x00007ff8a0f96000 	C:\Users\Anush\.gradle\native\30\windows-amd64\native-platform.dll
0x00007ff8cf460000 - 0x00007ff8cf46d000 	C:\Program Files\Android\Android Studio\jre\jre\bin\management.dll
0x00007ff8d4180000 - 0x00007ff8d41b3000 	C:\WINDOWS\system32\rsaenh.dll
0x00007ff8d5ca0000 - 0x00007ff8d5cc6000 	C:\WINDOWS\System32\bcrypt.dll
0x00007ff8d4cd0000 - 0x00007ff8d4cf5000 	C:\WINDOWS\SYSTEM32\USERENV.dll
0x00007ff8d4330000 - 0x00007ff8d436a000 	C:\WINDOWS\SYSTEM32\IPHLPAPI.DLL
0x00007ff8d6980000 - 0x00007ff8d6988000 	C:\WINDOWS\System32\NSI.dll
0x00007ff8cdde0000 - 0x00007ff8cddf6000 	C:\WINDOWS\SYSTEM32\dhcpcsvc6.DLL
0x00007ff8ce3b0000 - 0x00007ff8ce3cc000 	C:\WINDOWS\SYSTEM32\dhcpcsvc.DLL
0x00007ff8d4370000 - 0x00007ff8d443b000 	C:\WINDOWS\SYSTEM32\DNSAPI.dll
0x00007ff8b0220000 - 0x00007ff8b0244000 	C:\Program Files\Android\Android Studio\jre\jre\bin\sunec.dll
0x00007ff8c7010000 - 0x00007ff8c701a000 	C:\Windows\System32\rasadhlp.dll
0x00007ff8cdcd0000 - 0x00007ff8cdd47000 	C:\WINDOWS\System32\fwpuclnt.dll
0x00007ff8cf3a0000 - 0x00007ff8cf3ab000 	C:\Program Files\Android\Android Studio\jre\jre\bin\sunmscapi.dll
0x00007ff8d5220000 - 0x00007ff8d5369000 	C:\WINDOWS\System32\CRYPT32.dll
0x00007ff8d4e90000 - 0x00007ff8d4ea2000 	C:\WINDOWS\System32\MSASN1.dll
0x00007ff8d2c10000 - 0x00007ff8d2c9f000 	C:\WINDOWS\system32\apphelp.dll
0x00007ff8cf660000 - 0x00007ff8cf67e000 	C:\Users\Anush\AppData\Local\Temp\native-platform1206797858985493500dir\native-platform.dll

VM Arguments:
jvm_args: -Xmx1536M -Dfile.encoding=windows-1252 -Duser.country=IN -Duser.language=en -Duser.variant 
java_command: org.gradle.launcher.daemon.bootstrap.GradleDaemon 5.6.2
java_class_path (initial): C:\Users\Anush\.gradle\wrapper\dists\gradle-5.6.2-all\9st6wgf78h16so49nn74lgtbb\gradle-5.6.2\lib\gradle-launcher-5.6.2.jar
Launcher Type: SUN_STANDARD

Environment Variables:
JAVA_HOME=C:\Program Files\Android\Android Studio\jre
CLASSPATH=C:\Users\Anush\girlscript_app\community_app_boilerplate\android\\gradle\wrapper\gradle-wrapper.jar
USERNAME=Anush
OS=Windows_NT
PROCESSOR_IDENTIFIER=Intel64 Family 6 Model 78 Stepping 3, GenuineIntel



---------------  S Y S T E M  ---------------

OS: Windows 10.0 , 64 bit Build 18362 (10.0.18362.900)

CPU:total 4 (initial active 4) (2 cores per cpu, 2 threads per core) family 6 model 78 stepping 3, cmov, cx8, fxsr, mmx, sse, sse2, sse3, ssse3, sse4.1, sse4.2, popcnt, avx, avx2, aes, clmul, erms, 3dnowpref, lzcnt, ht, tsc, tscinvbit, bmi1, bmi2, adx

Memory: 4k page, physical 8238856k(582344k free), swap 10286856k(13824k free)

vm_info: OpenJDK 64-Bit Server VM (25.212-b04) for windows-amd64 JRE (1.8.0_212-release-1586-b04), built by "builder" with MS VC++ 10.0 (VS2010)

time: Thu Jul 16 02:24:46 2020
timezone: India Standard Time
elapsed time: 155 seconds (0d 0h 2m 35s)

